
Uploading time series files to the database
2023-02-08 16:37:36.046796 (INFO)     | === Get TS files. (START) ===
2023-02-08 16:37:36.206362 (INFO)     | Files found: '['outTest/public/INGV/2/TS/a.pos.gz', 'outTest/public/INGV/2/TS/b.vel.gz', 'outTest/public/INGV/4/TS/aab.pos.gz', 'outTest/public/INGV/5/TS/arroz.pos.gz', 'outTest/public/INGV/5/TS/pp.vel.gz', 'outTest/public/ROB-EUREF/4/TS/1.pos.gz', 'outTest/public/ROB-EUREF/4/TS/a2.pos.gz', 'outTest/public/ROB-EUREF/4/TS/a3.vel.gz', 'outTest/public/WUT-EUREF/6/TS/b2.vel.gz', 'outTest/public/WUT-EUREF/6/TS/p9.vel.gz']'..
2023-02-08 16:37:36.206604 (INFO)     | === Get TS files. (END) ===
2023-02-08 16:37:36.367289 (INFO)     | === Saving information to temporary files. (START) ===
2023-02-08 16:37:36.373134 (INFO)     | === Saving information to temporary files. (END) ===
2023-02-08 16:37:36.373371 (INFO)     | === Saving information to temporary files. (START) ===
2023-02-08 16:37:36.378754 (INFO)     | === Saving information to temporary files. (END) ===
2023-02-08 16:37:36.378968 (INFO)     | === Saving information to temporary files. (START) ===
2023-02-08 16:37:36.384342 (INFO)     | === Saving information to temporary files. (END) ===
2023-02-08 16:37:36.384544 (INFO)     | === Saving information to temporary files. (START) ===
2023-02-08 16:37:36.390146 (INFO)     | === Saving information to temporary files. (END) ===
2023-02-08 16:37:36.390356 (INFO)     | === Saving information to temporary files. (START) ===
2023-02-08 16:37:36.395735 (INFO)     | === Saving information to temporary files. (END) ===
2023-02-08 16:37:36.395941 (INFO)     | === Saving information to temporary files. (START) ===
2023-02-08 16:37:36.401285 (INFO)     | === Saving information to temporary files. (END) ===
2023-02-08 16:37:36.401533 (INFO)     | === Saving information to temporary files. (START) ===
2023-02-08 16:37:36.407780 (INFO)     | === Saving information to temporary files. (END) ===
2023-02-08 16:37:36.408019 (INFO)     | === Saving information to temporary files. (START) ===
2023-02-08 16:37:36.413906 (INFO)     | === Saving information to temporary files. (END) ===
2023-02-08 16:37:36.414194 (INFO)     | === Saving information to temporary files. (START) ===
2023-02-08 16:37:36.420022 (INFO)     | === Saving information to temporary files. (END) ===
2023-02-08 16:37:36.420250 (INFO)     | === Saving information to temporary files. (START) ===
2023-02-08 16:37:36.425878 (INFO)     | === Saving information to temporary files. (END) ===
2023-02-08 16:37:36.426124 (INFO)     | === Optimized TS insertion. (START) ===
2023-02-08 16:37:36.426331 (INFO)     | === Optimized TS insertion. (END) ===
2023-02-08 16:37:36.426569 (INFO)     | === TS Insertion. (START) ===
2023-02-08 16:37:36.426746 (INFO)     | === TS Insertion. (END) ===

Uploading time series files to the database
2023-02-08 16:37:49.641602 (INFO)     | === Get TS files. (START) ===
2023-02-08 16:37:49.798928 (INFO)     | Files found: '['outTest/public/INGV/2/TS/a.pos.gz', 'outTest/public/INGV/2/TS/b.vel.gz', 'outTest/public/INGV/4/TS/aab.pos.gz', 'outTest/public/INGV/5/TS/arroz.pos.gz', 'outTest/public/INGV/5/TS/pp.vel.gz', 'outTest/public/ROB-EUREF/4/TS/1.pos.gz', 'outTest/public/ROB-EUREF/4/TS/a2.pos.gz', 'outTest/public/ROB-EUREF/4/TS/a3.vel.gz', 'outTest/public/WUT-EUREF/6/TS/b2.vel.gz', 'outTest/public/WUT-EUREF/6/TS/p9.vel.gz']'..
2023-02-08 16:37:49.799178 (INFO)     | === Get TS files. (END) ===
2023-02-08 16:37:49.954771 (INFO)     | === Saving information to temporary files. (START) ===
2023-02-08 16:37:49.960188 (INFO)     | === Saving information to temporary files. (END) ===
2023-02-08 16:37:49.960407 (INFO)     | === Saving information to temporary files. (START) ===
2023-02-08 16:37:49.965691 (INFO)     | === Saving information to temporary files. (END) ===
2023-02-08 16:37:49.965899 (INFO)     | === Saving information to temporary files. (START) ===
2023-02-08 16:37:49.971109 (INFO)     | === Saving information to temporary files. (END) ===
2023-02-08 16:37:49.971323 (INFO)     | === Saving information to temporary files. (START) ===
2023-02-08 16:37:49.976732 (INFO)     | === Saving information to temporary files. (END) ===
2023-02-08 16:37:49.976955 (INFO)     | === Saving information to temporary files. (START) ===
2023-02-08 16:37:49.982168 (INFO)     | === Saving information to temporary files. (END) ===
2023-02-08 16:37:49.982364 (INFO)     | === Saving information to temporary files. (START) ===
2023-02-08 16:37:49.987700 (INFO)     | === Saving information to temporary files. (END) ===
2023-02-08 16:37:49.987905 (INFO)     | === Saving information to temporary files. (START) ===
2023-02-08 16:37:49.993571 (INFO)     | === Saving information to temporary files. (END) ===
2023-02-08 16:37:49.993796 (INFO)     | === Saving information to temporary files. (START) ===
2023-02-08 16:37:49.999172 (INFO)     | === Saving information to temporary files. (END) ===
2023-02-08 16:37:49.999382 (INFO)     | === Saving information to temporary files. (START) ===
2023-02-08 16:37:50.004747 (INFO)     | === Saving information to temporary files. (END) ===
2023-02-08 16:37:50.004974 (INFO)     | === Saving information to temporary files. (START) ===
2023-02-08 16:37:50.010552 (INFO)     | === Saving information to temporary files. (END) ===
2023-02-08 16:37:50.010772 (INFO)     | === Optimized TS insertion. (START) ===
2023-02-08 16:37:50.010975 (INFO)     | === Optimized TS insertion. (END) ===
2023-02-08 16:37:50.011234 (INFO)     | === TS Insertion. (START) ===
2023-02-08 16:37:50.011413 (INFO)     | === TS Insertion. (END) ===

Uploading time series files to the database
2023-02-08 16:38:52.669613 (INFO)     | === Get TS files. (START) ===
2023-02-08 16:38:52.836499 (INFO)     | Files found: 'outTest/public/INGV/2/TS/a.pos.gz,outTest/public/INGV/2/TS/b.vel.gz,outTest/public/INGV/4/TS/aab.pos.gz,outTest/public/INGV/5/TS/arroz.pos.gz,outTest/public/INGV/5/TS/pp.vel.gz,outTest/public/ROB-EUREF/4/TS/1.pos.gz,outTest/public/ROB-EUREF/4/TS/a2.pos.gz,outTest/public/ROB-EUREF/4/TS/a3.vel.gz,outTest/public/WUT-EUREF/6/TS/b2.vel.gz,outTest/public/WUT-EUREF/6/TS/p9.vel.gz'..
2023-02-08 16:38:52.836802 (INFO)     | === Get TS files. (END) ===
2023-02-08 16:38:52.993035 (INFO)     | === Saving information to temporary files. (START) ===
2023-02-08 16:38:52.998379 (INFO)     | === Saving information to temporary files. (END) ===
2023-02-08 16:38:52.998584 (INFO)     | === Saving information to temporary files. (START) ===
2023-02-08 16:38:53.004065 (INFO)     | === Saving information to temporary files. (END) ===
2023-02-08 16:38:53.004282 (INFO)     | === Saving information to temporary files. (START) ===
2023-02-08 16:38:53.009488 (INFO)     | === Saving information to temporary files. (END) ===
2023-02-08 16:38:53.009683 (INFO)     | === Saving information to temporary files. (START) ===
2023-02-08 16:38:53.014908 (INFO)     | === Saving information to temporary files. (END) ===
2023-02-08 16:38:53.015107 (INFO)     | === Saving information to temporary files. (START) ===
2023-02-08 16:38:53.020438 (INFO)     | === Saving information to temporary files. (END) ===
2023-02-08 16:38:53.020747 (INFO)     | === Saving information to temporary files. (START) ===
2023-02-08 16:38:53.026478 (INFO)     | === Saving information to temporary files. (END) ===
2023-02-08 16:38:53.026696 (INFO)     | === Saving information to temporary files. (START) ===
2023-02-08 16:38:53.031871 (INFO)     | === Saving information to temporary files. (END) ===
2023-02-08 16:38:53.032089 (INFO)     | === Saving information to temporary files. (START) ===
2023-02-08 16:38:53.037487 (INFO)     | === Saving information to temporary files. (END) ===
2023-02-08 16:38:53.037780 (INFO)     | === Saving information to temporary files. (START) ===
2023-02-08 16:38:53.043079 (INFO)     | === Saving information to temporary files. (END) ===
2023-02-08 16:38:53.043278 (INFO)     | === Saving information to temporary files. (START) ===
2023-02-08 16:38:53.048482 (INFO)     | === Saving information to temporary files. (END) ===
2023-02-08 16:38:53.048680 (INFO)     | === Optimized TS insertion. (START) ===
2023-02-08 16:38:53.048980 (INFO)     | === Optimized TS insertion. (END) ===
2023-02-08 16:38:53.049206 (INFO)     | === TS Insertion. (START) ===
2023-02-08 16:38:53.049375 (INFO)     | === TS Insertion. (END) ===

Uploading time series files to the database
2023-02-08 16:39:08.731767 (INFO)     | === Get TS files. (START) ===
2023-02-08 16:39:08.881155 (INFO)     | Files found: 'outTest/public/INGV/2/TS/a.pos.gz|outTest/public/INGV/2/TS/b.vel.gz|outTest/public/INGV/4/TS/aab.pos.gz|outTest/public/INGV/5/TS/arroz.pos.gz|outTest/public/INGV/5/TS/pp.vel.gz|outTest/public/ROB-EUREF/4/TS/1.pos.gz|outTest/public/ROB-EUREF/4/TS/a2.pos.gz|outTest/public/ROB-EUREF/4/TS/a3.vel.gz|outTest/public/WUT-EUREF/6/TS/b2.vel.gz|outTest/public/WUT-EUREF/6/TS/p9.vel.gz'..
2023-02-08 16:39:08.881456 (INFO)     | === Get TS files. (END) ===
2023-02-08 16:39:09.052420 (INFO)     | === Saving information to temporary files. (START) ===
2023-02-08 16:39:09.058811 (INFO)     | === Saving information to temporary files. (END) ===
2023-02-08 16:39:09.059098 (INFO)     | === Saving information to temporary files. (START) ===
2023-02-08 16:39:09.065333 (INFO)     | === Saving information to temporary files. (END) ===
2023-02-08 16:39:09.065584 (INFO)     | === Saving information to temporary files. (START) ===
2023-02-08 16:39:09.071870 (INFO)     | === Saving information to temporary files. (END) ===
2023-02-08 16:39:09.072180 (INFO)     | === Saving information to temporary files. (START) ===
2023-02-08 16:39:09.078869 (INFO)     | === Saving information to temporary files. (END) ===
2023-02-08 16:39:09.079115 (INFO)     | === Saving information to temporary files. (START) ===
2023-02-08 16:39:09.085381 (INFO)     | === Saving information to temporary files. (END) ===
2023-02-08 16:39:09.085629 (INFO)     | === Saving information to temporary files. (START) ===
2023-02-08 16:39:09.091660 (INFO)     | === Saving information to temporary files. (END) ===
2023-02-08 16:39:09.091948 (INFO)     | === Saving information to temporary files. (START) ===
2023-02-08 16:39:09.097986 (INFO)     | === Saving information to temporary files. (END) ===
2023-02-08 16:39:09.098217 (INFO)     | === Saving information to temporary files. (START) ===
2023-02-08 16:39:09.104567 (INFO)     | === Saving information to temporary files. (END) ===
2023-02-08 16:39:09.104802 (INFO)     | === Saving information to temporary files. (START) ===
2023-02-08 16:39:09.110918 (INFO)     | === Saving information to temporary files. (END) ===
2023-02-08 16:39:09.111152 (INFO)     | === Saving information to temporary files. (START) ===
2023-02-08 16:39:09.117006 (INFO)     | === Saving information to temporary files. (END) ===
2023-02-08 16:39:09.117257 (INFO)     | === Optimized TS insertion. (START) ===
2023-02-08 16:39:09.117461 (INFO)     | === Optimized TS insertion. (END) ===
2023-02-08 16:39:09.117683 (INFO)     | === TS Insertion. (START) ===
2023-02-08 16:39:09.117909 (INFO)     | === TS Insertion. (END) ===

Uploading time series files to the database
2023-02-08 16:39:17.745482 (INFO)     | === Get TS files. (START) ===
2023-02-08 16:39:17.900272 (INFO)     | Files found: 'outTest/public/INGV/2/TS/a.pos.gz | outTest/public/INGV/2/TS/b.vel.gz | outTest/public/INGV/4/TS/aab.pos.gz | outTest/public/INGV/5/TS/arroz.pos.gz | outTest/public/INGV/5/TS/pp.vel.gz | outTest/public/ROB-EUREF/4/TS/1.pos.gz | outTest/public/ROB-EUREF/4/TS/a2.pos.gz | outTest/public/ROB-EUREF/4/TS/a3.vel.gz | outTest/public/WUT-EUREF/6/TS/b2.vel.gz | outTest/public/WUT-EUREF/6/TS/p9.vel.gz'..
2023-02-08 16:39:17.900536 (INFO)     | === Get TS files. (END) ===
2023-02-08 16:39:18.053646 (INFO)     | === Saving information to temporary files. (START) ===
2023-02-08 16:39:18.058878 (INFO)     | === Saving information to temporary files. (END) ===
2023-02-08 16:39:18.059097 (INFO)     | === Saving information to temporary files. (START) ===
2023-02-08 16:39:18.064603 (INFO)     | === Saving information to temporary files. (END) ===
2023-02-08 16:39:18.064837 (INFO)     | === Saving information to temporary files. (START) ===
2023-02-08 16:39:18.070241 (INFO)     | === Saving information to temporary files. (END) ===
2023-02-08 16:39:18.070450 (INFO)     | === Saving information to temporary files. (START) ===
2023-02-08 16:39:18.075738 (INFO)     | === Saving information to temporary files. (END) ===
2023-02-08 16:39:18.075943 (INFO)     | === Saving information to temporary files. (START) ===
2023-02-08 16:39:18.081582 (INFO)     | === Saving information to temporary files. (END) ===
2023-02-08 16:39:18.081798 (INFO)     | === Saving information to temporary files. (START) ===
2023-02-08 16:39:18.087101 (INFO)     | === Saving information to temporary files. (END) ===
2023-02-08 16:39:18.087299 (INFO)     | === Saving information to temporary files. (START) ===
2023-02-08 16:39:18.092621 (INFO)     | === Saving information to temporary files. (END) ===
2023-02-08 16:39:18.092833 (INFO)     | === Saving information to temporary files. (START) ===
2023-02-08 16:39:18.098012 (INFO)     | === Saving information to temporary files. (END) ===
2023-02-08 16:39:18.098244 (INFO)     | === Saving information to temporary files. (START) ===
2023-02-08 16:39:18.103427 (INFO)     | === Saving information to temporary files. (END) ===
2023-02-08 16:39:18.103629 (INFO)     | === Saving information to temporary files. (START) ===
2023-02-08 16:39:18.109318 (INFO)     | === Saving information to temporary files. (END) ===
2023-02-08 16:39:18.109626 (INFO)     | === Optimized TS insertion. (START) ===
2023-02-08 16:39:18.109841 (INFO)     | === Optimized TS insertion. (END) ===
2023-02-08 16:39:18.110114 (INFO)     | === TS Insertion. (START) ===
2023-02-08 16:39:18.110304 (INFO)     | === TS Insertion. (END) ===
